00:00:00.001153 main     VirtualBox XPCOM Server 6.1.22 r144080 darwin.amd64 (Apr 28 2021 18:46:07) release log
00:00:00.001158 main     Log opened 2021-08-05T19:58:02.995261000Z
00:00:00.001158 main     Build Type: release
00:00:00.001172 main     OS Product: Darwin
00:00:00.001177 main     OS Release: 20.5.0
00:00:00.001182 main     OS Version: Darwin Kernel Version 20.5.0: Sat May  8 05:10:33 PDT 2021; root:xnu-7195.121.3~9/RELEASE_X86_64
00:00:00.001282 main     DMI Product Name: MacBookPro16,3
00:00:00.001319 main     DMI Product Version: 1.0
00:00:00.001322 main     Firmware type: failed - VERR_NOT_SUPPORTED
00:00:00.001347 main     Host RAM: 8192MB (8.0GB) total, 3166MB (3.0GB) available
00:00:00.001350 main     Executable: /Applications/VirtualBox.app/Contents/MacOS/VBoxSVC
00:00:00.001351 main     Process ID: 2655
00:00:00.001351 main     Package type: DARWIN_64BITS_GENERIC
00:00:00.003624 main     IPC socket path: /tmp/.vbox-root-ipc/ipcd
00:00:00.107616 nspr-2   VirtualBox: object creation starts
00:00:00.108254 nspr-2   Home directory: '/var/root/Library/VirtualBox'
00:00:00.178465 nspr-2   HostDnsMonitor: initializing
00:00:00.179126 dns-monitor HostDnsMonitor: updating information
00:00:00.180248 nspr-2   VD: VDInit finished with VINF_SUCCESS
00:00:00.180988 nspr-2   VirtualBox: object created
00:00:00.181134 dns-monitor HostDnsMonitor: old information
00:00:00.181167 dns-monitor   no server entries
00:00:00.181175 dns-monitor   no domain set
00:00:00.181181 dns-monitor   no search string entries
00:00:00.181206 dns-monitor HostDnsMonitor: new information
00:00:00.181214 dns-monitor   server 1: 192.168.2.1
00:00:00.181220 dns-monitor   server 2: 207.164.234.129
00:00:00.181228 dns-monitor   no domain set
00:00:00.181237 dns-monitor   search string 1: home
00:00:00.184579 nspr-2   ERROR [COM]: aRC=VBOX_E_OBJECT_NOT_FOUND (0x80bb0001) aIID={d0a0163f-e254-4e5b-a1f2-011cf991c38d} aComponent={VirtualBoxWrap} aText={Could not find a registered machine with UUID {1aee3ae0-9d64-4501-8625-32da035aa96a}}, preserve=false aResultDetail=0
00:00:05.186305 main     VirtualBox: object deletion starts
00:00:05.187441 main     HostDnsMonitor: shutting down ...
00:00:05.187594 main     HostDnsMonitor: shut down
00:00:05.188837 Watcher  ERROR [COM]: aRC=E_ACCESSDENIED (0x80070005) aIID={d0a0163f-e254-4e5b-a1f2-011cf991c38d} aComponent={VirtualBoxWrap} aText={The object is not ready}, preserve=false aResultDetail=0
00:00:05.189018 main     VirtualBox: object deleted
